<?xml version="1.0" encoding="UTF-8"?>
<!-- Generated by org.testng.reporters.JUnitReportReporter -->
<testsuite hostname="BG4NB0898" failures="0" tests="3" name="apiRestJavaProject.NewDynamic" time="2.087" errors="0" timestamp="2023-04-19T17:14:04 IST" skipped="0">
  <testcase classname="apiRestJavaProject.NewDynamic" name="Addbook" time="0.149"/>
  <system-out/>
  <testcase classname="apiRestJavaProject.NewDynamic" name="Addbook" time="1.767"/>
  <system-out/>
  <testcase classname="apiRestJavaProject.NewDynamic" name="Addbook" time="0.171"/>
  <system-out/>
</testsuite> <!-- apiRestJavaProject.NewDynamic -->
