<?xml version="1.0" encoding="UTF-8"?>
<!-- Generated by org.testng.reporters.JUnitReportReporter -->
<testsuite hostname="BG4NB0898" failures="0" tests="1" name="testda.NewTest" time="0.006" errors="0" timestamp="2023-05-30T17:06:36 IST" skipped="0">
  <testcase classname="testda.NewTest" name="f" time="0.006"/>
  <system-out/>
</testsuite> <!-- testda.NewTest -->
