<?xml version="1.0" encoding="UTF-8"?>
<!-- Generated by org.testng.reporters.JUnitReportReporter -->
<testsuite hostname="BG4NB0898" failures="0" tests="3" name="testda.checkAnnotatation" time="0.012" errors="0" timestamp="2023-06-01T10:17:54 IST" skipped="0">
  <testcase classname="testda.checkAnnotatation" name="Aest" time="0.008"/>
  <system-out/>
  <testcase classname="testda.checkAnnotatation" name="Test2" time="0.002"/>
  <system-out/>
  <testcase classname="testda.checkAnnotatation" name="Test1" time="0.002"/>
  <system-out/>
</testsuite> <!-- testda.checkAnnotatation -->
