<?xml version="1.0" encoding="UTF-8"?>
<!-- Generated by org.testng.reporters.JUnitReportReporter -->
<testsuite hostname="BG4NB0898" failures="0" tests="1" name="test.test3" time="0.001" errors="0" timestamp="2023-01-24T18:49:40 IST" skipped="0">
  <testcase classname="test.test3" name="testcases8" time="0.001"/>
  <system-out/>
</testsuite> <!-- test.test3 -->
