<?xml version="1.0" encoding="UTF-8"?>
<!-- Generated by org.testng.reporters.JUnitReportReporter -->
<testsuite hostname="BG4NB0898" failures="0" tests="1" name="newtest.test2data" time="0.013" errors="0" timestamp="2023-01-25T12:12:41 IST" skipped="0">
  <testcase classname="newtest.test2data" name="testdata" time="0.013"/>
  <system-out/>
</testsuite> <!-- newtest.test2data -->
